<?xml version="1.0" encoding="UTF-8"?>
<!-- Generated by org.testng.reporters.JUnitReportReporter -->
<testsuite skipped="0" hostname="comp7" name="com.example.demo.DemoApplicationTests" tests="1" failures="0" timestamp="15 Jun 2019 02:58:32 GMT" time="0.020" errors="0">
  <testcase name="contextLoads" time="0.020" classname="com.example.demo.DemoApplicationTests"/>
</testsuite> <!-- com.example.demo.DemoApplicationTests -->
